Analysis & Synthesis report for project2_ads
Mon Nov  6 18:19:15 2023
Quartus Prime Version 22.1std.2 Build 922 07/20/2023 SC Lite Edition


---------------------
; Table of Contents ;
---------------------
  1. Legal Notice
  2. Analysis & Synthesis Summary
  3. Analysis & Synthesis Settings
  4. Parallel Compilation
  5. Analysis & Synthesis Messages



----------------
; Legal Notice ;
----------------
Copyright (C) 2023  Intel Corporation. All rights reserved.
Your use of Intel Corporation's design tools, logic functions 
and other software and tools, and any partner logic 
functions, and any output files from any of the foregoing 
(including device programming or simulation files), and any 
associated documentation or information are expressly subject 
to the terms and conditions of the Intel Program License 
Subscription Agreement, the Intel Quartus Prime License Agreement,
the Intel FPGA IP License Agreement, or other applicable license
agreement, including, without limitation, that your use is for
the sole purpose of programming logic devices manufactured by
Intel and sold by Intel or its authorized distributors.  Please
refer to the applicable agreement for further details, at
https://fpgasoftware.intel.com/eula.



+-------------------------------------------------------------------------------------+
; Analysis & Synthesis Summary                                                        ;
+------------------------------------+------------------------------------------------+
; Analysis & Synthesis Status        ; Failed - Mon Nov  6 18:19:14 2023              ;
; Quartus Prime Version              ; 22.1std.2 Build 922 07/20/2023 SC Lite Edition ;
; Revision Name                      ; project2_ads                                   ;
; Top-level Entity Name              ; project2_ads                                   ;
; Family                             ; MAX 10                                         ;
; Total logic elements               ; N/A until Partition Merge                      ;
;     Total combinational functions  ; N/A until Partition Merge                      ;
;     Dedicated logic registers      ; N/A until Partition Merge                      ;
; Total registers                    ; N/A until Partition Merge                      ;
; Total pins                         ; N/A until Partition Merge                      ;
; Total virtual pins                 ; N/A until Partition Merge                      ;
; Total memory bits                  ; N/A until Partition Merge                      ;
; Embedded Multiplier 9-bit elements ; N/A until Partition Merge                      ;
; Total PLLs                         ; N/A until Partition Merge                      ;
; UFM blocks                         ; N/A until Partition Merge                      ;
; ADC blocks                         ; N/A until Partition Merge                      ;
+------------------------------------+------------------------------------------------+


+------------------------------------------------------------------------------------------------------------+
; Analysis & Synthesis Settings                                                                              ;
+------------------------------------------------------------------+--------------------+--------------------+
; Option                                                           ; Setting            ; Default Value      ;
+------------------------------------------------------------------+--------------------+--------------------+
; Device                                                           ; 10M50DAF484C7G     ;                    ;
; Top-level entity name                                            ; project2_ads       ; project2_ads       ;
; Family name                                                      ; MAX 10             ; Cyclone V          ;
; Use smart compilation                                            ; Off                ; Off                ;
; Enable parallel Assembler and Timing Analyzer during compilation ; On                 ; On                 ;
; Enable compact report table                                      ; Off                ; Off                ;
; Restructure Multiplexers                                         ; Auto               ; Auto               ;
; Create Debugging Nodes for IP Cores                              ; Off                ; Off                ;
; Preserve fewer node names                                        ; On                 ; On                 ;
; Intel FPGA IP Evaluation Mode                                    ; Enable             ; Enable             ;
; Verilog Version                                                  ; Verilog_2001       ; Verilog_2001       ;
; VHDL Version                                                     ; VHDL_1993          ; VHDL_1993          ;
; State Machine Processing                                         ; Auto               ; Auto               ;
; Safe State Machine                                               ; Off                ; Off                ;
; Extract Verilog State Machines                                   ; On                 ; On                 ;
; Extract VHDL State Machines                                      ; On                 ; On                 ;
; Ignore Verilog initial constructs                                ; Off                ; Off                ;
; Iteration limit for constant Verilog loops                       ; 5000               ; 5000               ;
; Iteration limit for non-constant Verilog loops                   ; 250                ; 250                ;
; Add Pass-Through Logic to Inferred RAMs                          ; On                 ; On                 ;
; Infer RAMs from Raw Logic                                        ; On                 ; On                 ;
; Parallel Synthesis                                               ; On                 ; On                 ;
; DSP Block Balancing                                              ; Auto               ; Auto               ;
; NOT Gate Push-Back                                               ; On                 ; On                 ;
; Power-Up Don't Care                                              ; On                 ; On                 ;
; Remove Redundant Logic Cells                                     ; Off                ; Off                ;
; Remove Duplicate Registers                                       ; On                 ; On                 ;
; Ignore CARRY Buffers                                             ; Off                ; Off                ;
; Ignore CASCADE Buffers                                           ; Off                ; Off                ;
; Ignore GLOBAL Buffers                                            ; Off                ; Off                ;
; Ignore ROW GLOBAL Buffers                                        ; Off                ; Off                ;
; Ignore LCELL Buffers                                             ; Off                ; Off                ;
; Ignore SOFT Buffers                                              ; On                 ; On                 ;
; Limit AHDL Integers to 32 Bits                                   ; Off                ; Off                ;
; Optimization Technique                                           ; Balanced           ; Balanced           ;
; Carry Chain Length                                               ; 70                 ; 70                 ;
; Auto Carry Chains                                                ; On                 ; On                 ;
; Auto Open-Drain Pins                                             ; On                 ; On                 ;
; Perform WYSIWYG Primitive Resynthesis                            ; Off                ; Off                ;
; Auto ROM Replacement                                             ; On                 ; On                 ;
; Auto RAM Replacement                                             ; On                 ; On                 ;
; Auto DSP Block Replacement                                       ; On                 ; On                 ;
; Auto Shift Register Replacement                                  ; Auto               ; Auto               ;
; Allow Shift Register Merging across Hierarchies                  ; Auto               ; Auto               ;
; Auto Clock Enable Replacement                                    ; On                 ; On                 ;
; Strict RAM Replacement                                           ; Off                ; Off                ;
; Allow Synchronous Control Signals                                ; On                 ; On                 ;
; Force Use of Synchronous Clear Signals                           ; Off                ; Off                ;
; Auto RAM Block Balancing                                         ; On                 ; On                 ;
; Auto RAM to Logic Cell Conversion                                ; Off                ; Off                ;
; Auto Resource Sharing                                            ; Off                ; Off                ;
; Allow Any RAM Size For Recognition                               ; Off                ; Off                ;
; Allow Any ROM Size For Recognition                               ; Off                ; Off                ;
; Allow Any Shift Register Size For Recognition                    ; Off                ; Off                ;
; Use LogicLock Constraints during Resource Balancing              ; On                 ; On                 ;
; Ignore translate_off and synthesis_off directives                ; Off                ; Off                ;
; Timing-Driven Synthesis                                          ; On                 ; On                 ;
; Report Parameter Settings                                        ; On                 ; On                 ;
; Report Source Assignments                                        ; On                 ; On                 ;
; Report Connectivity Checks                                       ; On                 ; On                 ;
; Ignore Maximum Fan-Out Assignments                               ; Off                ; Off                ;
; Synchronization Register Chain Length                            ; 2                  ; 2                  ;
; Power Optimization During Synthesis                              ; Normal compilation ; Normal compilation ;
; HDL message level                                                ; Level2             ; Level2             ;
; Suppress Register Optimization Related Messages                  ; Off                ; Off                ;
; Number of Removed Registers Reported in Synthesis Report         ; 5000               ; 5000               ;
; Number of Swept Nodes Reported in Synthesis Report               ; 5000               ; 5000               ;
; Number of Inverted Registers Reported in Synthesis Report        ; 100                ; 100                ;
; Clock MUX Protection                                             ; On                 ; On                 ;
; Auto Gated Clock Conversion                                      ; Off                ; Off                ;
; Block Design Naming                                              ; Auto               ; Auto               ;
; SDC constraint protection                                        ; Off                ; Off                ;
; Synthesis Effort                                                 ; Auto               ; Auto               ;
; Shift Register Replacement - Allow Asynchronous Clear Signal     ; On                 ; On                 ;
; Pre-Mapping Resynthesis Optimization                             ; Off                ; Off                ;
; Analysis & Synthesis Message Level                               ; Medium             ; Medium             ;
; Disable Register Merging Across Hierarchies                      ; Auto               ; Auto               ;
; Resource Aware Inference For Block RAM                           ; On                 ; On                 ;
+------------------------------------------------------------------+--------------------+--------------------+


+------------------------------------------+
; Parallel Compilation                     ;
+----------------------------+-------------+
; Processors                 ; Number      ;
+----------------------------+-------------+
; Number detected on machine ; 4           ;
; Maximum allowed            ; 4           ;
;                            ;             ;
; Average used               ; 1.00        ;
; Maximum used               ; 1           ;
;                            ;             ;
; Usage by Processor         ; % Time Used ;
;     Processor 1            ; 100.0%      ;
+----------------------------+-------------+


+-------------------------------+
; Analysis & Synthesis Messages ;
+-------------------------------+
Info: *******************************************************************
Info: Running Quartus Prime Analysis & Synthesis
    Info: Version 22.1std.2 Build 922 07/20/2023 SC Lite Edition
    Info: Processing started: Mon Nov  6 18:18:41 2023
Info: Command: quartus_map --read_settings_files=on --write_settings_files=off project2_ads -c project2_ads
Warning (18236): Number of processors has not been specified which may cause overloading on shared machines.  Set the global assignment NUM_PARALLEL_PROCESSORS in your QSF to an appropriate value for best performance.
Info (20030): Parallel compilation is enabled and will use 4 of the 4 processors detected
Error (10500): VHDL syntax error at vga_output.vhd(112) near text "architecture";  expecting "process" File: /home/smcginn-adsd/src/ads/ads_project2/vga_output.vhd Line: 112
Info (12021): Found 0 design units, including 0 entities, in source file vga_output.vhd
Info (12021): Found 2 design units, including 1 entities, in source file rgb_out.vhd
    Info (12022): Found design unit 1: rgb_out-gen File: /home/smcginn-adsd/src/ads/ads_project2/rgb_out.vhd Line: 22
    Info (12023): Found entity 1: rgb_out File: /home/smcginn-adsd/src/ads/ads_project2/rgb_out.vhd Line: 9
Info (12021): Found 2 design units, including 0 entities, in source file ads_fixed.vhd
    Info (12022): Found design unit 1: ads_fixed File: /home/smcginn-adsd/src/ads/ads_project2/ads_fixed.vhd Line: 7
    Info (12022): Found design unit 2: ads_fixed-body File: /home/smcginn-adsd/src/ads/ads_project2/ads_fixed.vhd Line: 60
Info (12021): Found 2 design units, including 0 entities, in source file ads_complex.vhd
    Info (12022): Found design unit 1: ads_complex File: /home/smcginn-adsd/src/ads/ads_project2/ads_complex.vhd Line: 6
    Info (12022): Found design unit 2: ads_complex-body File: /home/smcginn-adsd/src/ads/ads_project2/ads_complex.vhd Line: 58
Info (12021): Found 2 design units, including 0 entities, in source file vga_data.vhd
    Info (12022): Found design unit 1: vga_data File: /home/smcginn-adsd/src/ads/ads_project2/vga_data.vhd Line: 4
    Info (12022): Found design unit 2: vga_data-body File: /home/smcginn-adsd/src/ads/ads_project2/vga_data.vhd Line: 133
Info (12021): Found 2 design units, including 1 entities, in source file vga_fsm.vhd
    Info (12022): Found design unit 1: vga_fsm-fsm File: /home/smcginn-adsd/src/ads/ads_project2/vga_fsm.vhd Line: 25
    Info (12023): Found entity 1: vga_fsm File: /home/smcginn-adsd/src/ads/ads_project2/vga_fsm.vhd Line: 9
Info (12021): Found 2 design units, including 1 entities, in source file vga_test.vhd
    Info (12022): Found design unit 1: vga_test-test_fixture File: /home/smcginn-adsd/src/ads/ads_project2/vga_test.vhd Line: 13
    Info (12023): Found entity 1: vga_test File: /home/smcginn-adsd/src/ads/ads_project2/vga_test.vhd Line: 10
Error (10500): VHDL syntax error at project2_ads.vhd(88) near text ":";  expecting ")", or "," File: /home/smcginn-adsd/src/ads/ads_project2/project2_ads.vhd Line: 88
Error (10500): VHDL syntax error at project2_ads.vhd(93) near text ":";  expecting ")", or "," File: /home/smcginn-adsd/src/ads/ads_project2/project2_ads.vhd Line: 93
Error (10500): VHDL syntax error at project2_ads.vhd(101) near text ";";  expecting "<=" File: /home/smcginn-adsd/src/ads/ads_project2/project2_ads.vhd Line: 101
Info (12021): Found 0 design units, including 0 entities, in source file project2_ads.vhd
Info (12021): Found 1 design units, including 0 entities, in source file project2_pkg.vhd
    Info (12022): Found design unit 1: project2_pkg File: /home/smcginn-adsd/src/ads/ads_project2/project2_pkg.vhd Line: 13
Info (12021): Found 2 design units, including 1 entities, in source file mandelbrot_stage.vhd
    Info (12022): Found design unit 1: mandelbrot_stage-behavior File: /home/smcginn-adsd/src/ads/ads_project2/mandelbrot_stage.vhd Line: 36
    Info (12023): Found entity 1: mandelbrot_stage File: /home/smcginn-adsd/src/ads/ads_project2/mandelbrot_stage.vhd Line: 12
Info (12021): Found 2 design units, including 1 entities, in source file clock_25.vhd
    Info (12022): Found design unit 1: clock_25-SYN File: /home/smcginn-adsd/src/ads/ads_project2/clock_25.vhd Line: 53
    Info (12023): Found entity 1: clock_25 File: /home/smcginn-adsd/src/ads/ads_project2/clock_25.vhd Line: 43
Info (12021): Found 2 design units, including 1 entities, in source file pipeline_rgb_out.vhd
    Info (12022): Found design unit 1: pipeline_rgb_out-gen File: /home/smcginn-adsd/src/ads/ads_project2/pipeline_rgb_out.vhd Line: 25
    Info (12023): Found entity 1: pipeline_rgb_out File: /home/smcginn-adsd/src/ads/ads_project2/pipeline_rgb_out.vhd Line: 11
Error: Quartus Prime Analysis & Synthesis was unsuccessful. 4 errors, 1 warning
    Error: Peak virtual memory: 413 megabytes
    Error: Processing ended: Mon Nov  6 18:19:15 2023
    Error: Elapsed time: 00:00:34
    Error: Total CPU time (on all processors): 00:00:44


