Flow report for project2_ads
Tue Nov  7 13:20:33 2023
Quartus Prime Version 22.1std.2 Build 922 07/20/2023 SC Lite Edition


---------------------
; Table of Contents ;
---------------------
  1. Legal Notice
  2. Flow Summary
  3. Flow Settings
  4. Flow Non-Default Global Settings
  5. Flow Elapsed Time
  6. Flow OS Summary
  7. Flow Log
  8. Flow Messages
  9. Flow Suppressed Messages



----------------
; Legal Notice ;
----------------
Copyright (C) 2023  Intel Corporation. All rights reserved.
Your use of Intel Corporation's design tools, logic functions 
and other software and tools, and any partner logic 
functions, and any output files from any of the foregoing 
(including device programming or simulation files), and any 
associated documentation or information are expressly subject 
to the terms and conditions of the Intel Program License 
Subscription Agreement, the Intel Quartus Prime License Agreement,
the Intel FPGA IP License Agreement, or other applicable license
agreement, including, without limitation, that your use is for
the sole purpose of programming logic devices manufactured by
Intel and sold by Intel or its authorized distributors.  Please
refer to the applicable agreement for further details, at
https://fpgasoftware.intel.com/eula.



+-------------------------------------------------------------------------------------+
; Flow Summary                                                                        ;
+------------------------------------+------------------------------------------------+
; Flow Status                        ; Successful - Tue Nov  7 13:20:12 2023          ;
; Quartus Prime Version              ; 22.1std.2 Build 922 07/20/2023 SC Lite Edition ;
; Revision Name                      ; project2_ads                                   ;
; Top-level Entity Name              ; project2_ads                                   ;
; Family                             ; MAX 10                                         ;
; Device                             ; 10M50DAF484C7G                                 ;
; Timing Models                      ; Final                                          ;
; Total logic elements               ; 22,103 / 49,760 ( 44 % )                       ;
;     Total combinational functions  ; 21,800 / 49,760 ( 44 % )                       ;
;     Dedicated logic registers      ; 2,353 / 49,760 ( 5 % )                         ;
; Total registers                    ; 2353                                           ;
; Total pins                         ; 18 / 360 ( 5 % )                               ;
; Total virtual pins                 ; 0                                              ;
; Total memory bits                  ; 46 / 1,677,312 ( < 1 % )                       ;
; Embedded Multiplier 9-bit elements ; 288 / 288 ( 100 % )                            ;
; Total PLLs                         ; 1 / 4 ( 25 % )                                 ;
; UFM blocks                         ; 0 / 1 ( 0 % )                                  ;
; ADC blocks                         ; 0 / 2 ( 0 % )                                  ;
+------------------------------------+------------------------------------------------+


+-----------------------------------------+
; Flow Settings                           ;
+-------------------+---------------------+
; Option            ; Setting             ;
+-------------------+---------------------+
; Start date & time ; 11/07/2023 13:15:27 ;
; Main task         ; Compilation         ;
; Revision Name     ; project2_ads        ;
+-------------------+---------------------+


+-------------------------------------------------------------------------------------------------------------------------+
; Flow Non-Default Global Settings                                                                                        ;
+-------------------------------------+----------------------------------------+---------------+-------------+------------+
; Assignment Name                     ; Value                                  ; Default Value ; Entity Name ; Section Id ;
+-------------------------------------+----------------------------------------+---------------+-------------+------------+
; COMPILER_SIGNATURE_ID               ; 8796750404080.169938092707416          ; --            ; --          ; --         ;
; MAX_CORE_JUNCTION_TEMP              ; 85                                     ; --            ; --          ; --         ;
; MIN_CORE_JUNCTION_TEMP              ; 0                                      ; --            ; --          ; --         ;
; MISC_FILE                           ; clock_25.cmp                           ; --            ; --          ; --         ;
; MISC_FILE                           ; clock_25.ppf                           ; --            ; --          ; --         ;
; PARTITION_COLOR                     ; -- (Not supported for targeted family) ; --            ; --          ; Top        ;
; PARTITION_FITTER_PRESERVATION_LEVEL ; -- (Not supported for targeted family) ; --            ; --          ; Top        ;
; PARTITION_NETLIST_TYPE              ; -- (Not supported for targeted family) ; --            ; --          ; Top        ;
; POWER_BOARD_THERMAL_MODEL           ; None (CONSERVATIVE)                    ; --            ; --          ; --         ;
; POWER_PRESET_COOLING_SOLUTION       ; 23 MM HEAT SINK WITH 200 LFPM AIRFLOW  ; --            ; --          ; --         ;
; PROJECT_OUTPUT_DIRECTORY            ; output_files                           ; --            ; --          ; --         ;
+-------------------------------------+----------------------------------------+---------------+-------------+------------+


+--------------------------------------------------------------------------------------------------------------------------+
; Flow Elapsed Time                                                                                                        ;
+----------------------+--------------+-------------------------+---------------------+------------------------------------+
; Module Name          ; Elapsed Time ; Average Processors Used ; Peak Virtual Memory ; Total CPU Time (on all processors) ;
+----------------------+--------------+-------------------------+---------------------+------------------------------------+
; Analysis & Synthesis ; 00:01:07     ; 1.0                     ; 665 MB              ; 00:01:21                           ;
; Fitter               ; 00:03:25     ; 1.4                     ; 1371 MB             ; 00:07:21                           ;
; Assembler            ; 00:00:04     ; 1.0                     ; 463 MB              ; 00:00:04                           ;
; Timing Analyzer      ; 00:00:19     ; 2.7                     ; 733 MB              ; 00:00:44                           ;
; Total                ; 00:04:55     ; --                      ; --                  ; 00:09:30                           ;
+----------------------+--------------+-------------------------+---------------------+------------------------------------+


+----------------------------------------------------------------------------------------+
; Flow OS Summary                                                                        ;
+----------------------+------------------+----------------+------------+----------------+
; Module Name          ; Machine Hostname ; OS Name        ; OS Version ; Processor type ;
+----------------------+------------------+----------------+------------+----------------+
; Analysis & Synthesis ; ADSD-Ubuntu      ; Ubuntu 22.04.3 ; 22         ; x86_64         ;
; Fitter               ; ADSD-Ubuntu      ; Ubuntu 22.04.3 ; 22         ; x86_64         ;
; Assembler            ; ADSD-Ubuntu      ; Ubuntu 22.04.3 ; 22         ; x86_64         ;
; Timing Analyzer      ; ADSD-Ubuntu      ; Ubuntu 22.04.3 ; 22         ; x86_64         ;
+----------------------+------------------+----------------+------------+----------------+


------------
; Flow Log ;
------------
quartus_map --read_settings_files=on --write_settings_files=off project2_ads -c project2_ads
quartus_fit --read_settings_files=off --write_settings_files=off project2_ads -c project2_ads
quartus_asm --read_settings_files=off --write_settings_files=off project2_ads -c project2_ads
quartus_sta project2_ads -c project2_ads



